0 info it worked if it ends with ok
1 verbose cli [ '/usr/local/Cellar/node/6.1.0/bin/node',
1 verbose cli   '/usr/local/bin/npm',
1 verbose cli   'run',
1 verbose cli   'protractor',
1 verbose cli   'spec/javascripts/protractor.conf.js' ]
2 info using npm@3.8.6
3 info using node@v6.1.0
4 verbose run-script [ 'preprotractor', 'protractor', 'postprotractor' ]
5 info lifecycle bookworms@1.0.0~preprotractor: bookworms@1.0.0
6 silly lifecycle bookworms@1.0.0~preprotractor: no script for preprotractor, continuing
7 info lifecycle bookworms@1.0.0~protractor: bookworms@1.0.0
8 verbose lifecycle bookworms@1.0.0~protractor: unsafe-perm in lifecycle true
9 verbose lifecycle bookworms@1.0.0~protractor: PATH: /usr/local/lib/node_modules/npm/bin/node-gyp-bin:/Users/Hanna/Desktop/Projects/bookworms/node_modules/.bin:/usr/local/Cellar/node/6.1.0/bin:/Users/Hanna/.rvm/gems/ruby-2.3.0/bin:/Users/Hanna/.rvm/gems/ruby-2.3.0@global/bin:/Users/Hanna/.rvm/rubies/ruby-2.3.0/bin:/Users/Hanna/.rvm/bin:/usr/local/bin:/usr/bin:/bin:/usr/sbin:/sbin
10 verbose lifecycle bookworms@1.0.0~protractor: CWD: /Users/Hanna/Desktop/Projects/bookworms
11 silly lifecycle bookworms@1.0.0~protractor: Args: [ '-c',
11 silly lifecycle   './node_modules/protractor/bin/protractor "spec/javascripts/protractor.conf.js"' ]
12 silly lifecycle bookworms@1.0.0~protractor: Returned: code: 1  signal: null
13 info lifecycle bookworms@1.0.0~protractor: Failed to exec protractor script
14 verbose stack Error: bookworms@1.0.0 protractor: `./node_modules/protractor/bin/protractor "spec/javascripts/protractor.conf.js"`
14 verbose stack Exit status 1
14 verbose stack     at EventEmitter.<anonymous> (/usr/local/lib/node_modules/npm/lib/utils/lifecycle.js:239:16)
14 verbose stack     at emitTwo (events.js:106:13)
14 verbose stack     at EventEmitter.emit (events.js:191:7)
14 verbose stack     at ChildProcess.<anonymous> (/usr/local/lib/node_modules/npm/lib/utils/spawn.js:24:14)
14 verbose stack     at emitTwo (events.js:106:13)
14 verbose stack     at ChildProcess.emit (events.js:191:7)
14 verbose stack     at maybeClose (internal/child_process.js:850:16)
14 verbose stack     at Process.ChildProcess._handle.onexit (internal/child_process.js:215:5)
15 verbose pkgid bookworms@1.0.0
16 verbose cwd /Users/Hanna/Desktop/Projects/bookworms
17 error Darwin 15.0.0
18 error argv "/usr/local/Cellar/node/6.1.0/bin/node" "/usr/local/bin/npm" "run" "protractor" "spec/javascripts/protractor.conf.js"
19 error node v6.1.0
20 error npm  v3.8.6
21 error code ELIFECYCLE
22 error bookworms@1.0.0 protractor: `./node_modules/protractor/bin/protractor "spec/javascripts/protractor.conf.js"`
22 error Exit status 1
23 error Failed at the bookworms@1.0.0 protractor script './node_modules/protractor/bin/protractor "spec/javascripts/protractor.conf.js"'.
23 error Make sure you have the latest version of node.js and npm installed.
23 error If you do, this is most likely a problem with the bookworms package,
23 error not with npm itself.
23 error Tell the author that this fails on your system:
23 error     ./node_modules/protractor/bin/protractor "spec/javascripts/protractor.conf.js"
23 error You can get information on how to open an issue for this project with:
23 error     npm bugs bookworms
23 error Or if that isn't available, you can get their info via:
23 error     npm owner ls bookworms
23 error There is likely additional logging output above.
24 verbose exit [ 1, true ]
